d:\учёба\лабы ооп\laba3_oop\laba3\debug\vc142.pdb
d:\учёба\лабы ооп\laba3_oop\laba3\debug\vc142.idb
d:\учёба\лабы ооп\laba3_oop\laba3\debug\shape.obj
d:\учёба\лабы ооп\laba3_oop\laba3\debug\point.obj
d:\учёба\лабы ооп\laba3_oop\laba3\debug\main.obj
d:\учёба\лабы ооп\laba3_oop\laba3\debug\vector2d.obj
d:\учёба\лабы ооп\laba3_oop\laba3\debug\rectanglebase.obj
d:\учёба\лабы ооп\laba3_oop\laba3\debug\square.obj
d:\учёба\лабы ооп\laba3_oop\laba3\debug\rectangle.obj
d:\учёба\лабы ооп\laba3_oop\laba3\debug\operations.obj
d:\учёба\лабы ооп\laba3_oop\laba3\debug\scanner.obj
d:\учёба\лабы ооп\laba3_oop\laba3\debug\triangle.obj
d:\учёба\лабы ооп\laba3_oop\laba3\debug\parserbase.obj
d:\учёба\лабы ооп\laba3_oop\laba3\debug\rectangleparser.obj
d:\учёба\лабы ооп\laba3_oop\laba3\debug\triangleparser.obj
d:\учёба\лабы ооп\laba3_oop\laba3\debug\consoleinterface.obj
d:\учёба\лабы ооп\laba3_oop\laba3\debug\ishapeparser.obj
d:\учёба\лабы ооп\laba3_oop\debug\laba3.exe
d:\учёба\лабы ооп\laba3_oop\debug\laba3.ilk
d:\учёба\лабы ооп\laba3_oop\debug\laba3.pdb
d:\учёба\лабы ооп\laba3_oop\laba3\debug\laba3.tlog\cl.command.1.tlog
d:\учёба\лабы ооп\laba3_oop\laba3\debug\laba3.tlog\cl.read.1.tlog
d:\учёба\лабы ооп\laba3_oop\laba3\debug\laba3.tlog\cl.write.1.tlog
d:\учёба\лабы ооп\laba3_oop\laba3\debug\laba3.tlog\link.command.1.tlog
d:\учёба\лабы ооп\laba3_oop\laba3\debug\laba3.tlog\link.read.1.tlog
d:\учёба\лабы ооп\laba3_oop\laba3\debug\laba3.tlog\link.write.1.tlog
